[debug] [2021-02-03T09:43:08.969Z] ----------------------------------------------------------------------
[debug] [2021-02-03T09:43:08.974Z] Command:       C:\Program Files\nodejs\node.exe C:\Users\SRISHTY\AppData\Roaming\npm\node_modules\firebase-tools\lib\bin\firebase.js init
[debug] [2021-02-03T09:43:08.974Z] CLI Version:   9.3.0
[debug] [2021-02-03T09:43:08.975Z] Platform:      win32
[debug] [2021-02-03T09:43:08.975Z] Node Version:  v12.18.4
[debug] [2021-02-03T09:43:08.977Z] Time:          Wed Feb 03 2021 15:13:08 GMT+0530 (India Standard Time)
[debug] [2021-02-03T09:43:08.978Z] ----------------------------------------------------------------------
[debug] [2021-02-03T09:43:08.978Z] 
[debug] [2021-02-03T09:43:08.998Z] > command requires scopes: ["email","openid","https://www.googleapis.com/auth/cloudplatformprojects.readonly","https://www.googleapis.com/auth/firebase","https://www.googleapis.com/auth/cloud-platform"]
[debug] [2021-02-03T09:43:08.999Z] > authorizing via signed-in user
[info] 
     ######## #### ########  ######## ########     ###     ######  ########
     ##        ##  ##     ## ##       ##     ##  ##   ##  ##       ##
     ######    ##  ########  ######   ########  #########  ######  ######
     ##        ##  ##    ##  ##       ##     ## ##     ##       ## ##
     ##       #### ##     ## ######## ########  ##     ##  ######  ########

You're about to initialize a Firebase project in this directory:

  D:\s2\Intern-Test\marioplan

Before we get started, keep in mind:

  * You are initializing in an existing Firebase project directory

